<?xml version="1.0" encoding="UTF-8"?>
<!-- Generated by org.testng.reporters.JUnitReportReporter -->
<testsuite hostname="DESKTOP-394PVMG" failures="0" tests="2" name="com.lbrce.cse.UserValidationTest" time="0.018" errors="0" timestamp="2023-10-27T14:32:06 IST" skipped="0">
  <testcase classname="com.lbrce.cse.UserValidationTest" name="testCase2" time="0.001"/>
  <testcase classname="com.lbrce.cse.UserValidationTest" name="testCase1" time="0.017"/>
</testsuite> <!-- com.lbrce.cse.UserValidationTest -->
